* docker-compose up -d
[757] Failed to execute script docker-compose
Traceback (most recent call last):
  File "urllib3/connectionpool.py", line 677, in urlopen
  File "urllib3/connectionpool.py", line 392, in _make_request
  File "http/client.py", line 1277, in request
  File "http/client.py", line 1323, in _send_request
  File "http/client.py", line 1272, in endheaders
  File "http/client.py", line 1032, in _send_output
  File "http/client.py", line 972, in send
  File "docker/transport/unixconn.py", line 43, in connect
FileNotFoundError: [Errno 2] No such file or directory

During handling of the above exception, another exception occurred:

Traceback (most recent call last):
  File "requests/adapters.py", line 449, in send
  File "urllib3/connectionpool.py", line 727, in urlopen
  File "urllib3/util/retry.py", line 410, in increment
  File "urllib3/packages/six.py", line 734, in reraise
  File "urllib3/connectionpool.py", line 677, in urlopen
  File "urllib3/connectionpool.py", line 392, in _make_request
  File "http/client.py", line 1277, in request
  File "http/client.py", line 1323, in _send_request
  File "http/client.py", line 1272, in endheaders
  File "http/client.py", line 1032, in _send_output
  File "http/client.py", line 972, in send
  File "docker/transport/unixconn.py", line 43, in connect
urllib3.exceptions.ProtocolError: ('Connection aborted.', FileNotFoundError(2, 'No such file or directory'))

During handling of the above exception, another exception occurred:

Traceback (most recent call last):
  File "docker/api/client.py", line 214, in _retrieve_server_version
  File "docker/api/daemon.py", line 181, in version
  File "docker/utils/decorators.py", line 46, in inner
  File "docker/api/client.py", line 237, in _get
  File "requests/sessions.py", line 543, in get
  File "requests/sessions.py", line 530, in request
  File "requests/sessions.py", line 643, in send
  File "requests/adapters.py", line 498, in send
requests.exceptions.ConnectionError: ('Connection aborted.', FileNotFoundError(2, 'No such file or directory'))

During handling of the above exception, another exception occurred:

Traceback (most recent call last):
  File "docker-compose", line 3, in <module>
  File "compose/cli/main.py", line 81, in main
  File "compose/cli/main.py", line 200, in perform_command
  File "compose/cli/command.py", line 70, in project_from_options
  File "compose/cli/command.py", line 153, in get_project
  File "compose/cli/docker_client.py", line 43, in get_client
  File "compose/cli/docker_client.py", line 170, in docker_client
  File "docker/api/client.py", line 197, in __init__
  File "docker/api/client.py", line 222, in _retrieve_server_version
docker.errors.DockerException: Error while fetching server API version: ('Connection aborted.', FileNotFoundError(2, 'No such file or directory'))
* docker-compose up -d
Creating network "sandbox_default" with the default driver
Building algod
#1 [internal] load build definition from Dockerfile
#1 sha256:a5b0bbffd34bf44b965719c3e46ff3a1acf560571b7c276b1f63bb1613e5a3c9
#1 transferring dockerfile: 1.31kB 0.0s done
#1 DONE 0.3s

#2 [internal] load .dockerignore
#2 sha256:2be945e2389f4d1c16b7c1998e03dcd8abf15a4c24245451cdc94371e763b5e3
#2 transferring context: 67B 0.0s done
#2 DONE 0.2s

#3 [internal] load metadata for docker.io/library/golang:1.14.7
#3 sha256:6217e6d36d39fef8557c4ea10d435337af667b94e48b8a40d4a11e3a09d86edf
time="2021-10-07T21:32:35+04:00" level=error msg="failed to create file hook: while creating logrus local file hook: unable to get 'APPDATA'"
time="2021-10-07T21:32:40+04:00" level=error msg="failed to create file hook: while creating logrus local file hook: unable to get 'APPDATA'"
#3 DONE 9.9s

#4 [1/7] FROM docker.io/library/golang:1.14.7@sha256:d24a3944572a2c6d8ba204c2af605e04fd5487adb1ce64394f354ad2af4c9062
#4 sha256:fe0900b2941df0c894d53c5c82f42c5e84af27b437845697858b98bcb5a8339f
#4 resolve docker.io/library/golang:1.14.7@sha256:d24a3944572a2c6d8ba204c2af605e04fd5487adb1ce64394f354ad2af4c9062 0.0s done
#4 ...

#7 [internal] load build context
#7 sha256:261f8b900274b1cef5515a492104934766df2052518a7e78c674194e4156554f
#7 transferring context: 115.06kB 0.0s done
#7 DONE 0.1s

#4 [1/7] FROM docker.io/library/golang:1.14.7@sha256:d24a3944572a2c6d8ba204c2af605e04fd5487adb1ce64394f354ad2af4c9062
#4 sha256:fe0900b2941df0c894d53c5c82f42c5e84af27b437845697858b98bcb5a8339f
#4 sha256:d24a3944572a2c6d8ba204c2af605e04fd5487adb1ce64394f354ad2af4c9062 2.36kB / 2.36kB done
#4 sha256:0e79ff90590870e8327918cff47aacb71a7a83bcdf666dea4bcafda35594fb16 1.79kB / 1.79kB done
#4 sha256:0fc73a78e79dde6f21c2cfe487277ed245c4b0e478581867ffc3b64b360781fa 7.04kB / 7.04kB done
#4 sha256:d6ff36c9ec4822c9ff8953560f7ba41653b348a9c1136755e653575f58fbded7 0B / 50.40MB 0.1s
#4 sha256:c958d65b3090aefea91284d018b2a86530a3c8174b72616c4e76993c696a5797 0B / 7.81MB 0.3s
#4 sha256:edaf0a6b092f5673ec05b40edb606ce58881b2f40494251117d31805225ef064 0B / 10.00MB 0.3s
#4 sha256:d6ff36c9ec4822c9ff8953560f7ba41653b348a9c1136755e653575f58fbded7 3.15MB / 50.40MB 0.7s
#4 sha256:edaf0a6b092f5673ec05b40edb606ce58881b2f40494251117d31805225ef064 1.05MB / 10.00MB 1.0s
#4 sha256:edaf0a6b092f5673ec05b40edb606ce58881b2f40494251117d31805225ef064 2.10MB / 10.00MB 1.2s
#4 sha256:d6ff36c9ec4822c9ff8953560f7ba41653b348a9c1136755e653575f58fbded7 6.29MB / 50.40MB 1.3s
#4 sha256:edaf0a6b092f5673ec05b40edb606ce58881b2f40494251117d31805225ef064 3.15MB / 10.00MB 1.3s
#4 sha256:edaf0a6b092f5673ec05b40edb606ce58881b2f40494251117d31805225ef064 4.19MB / 10.00MB 1.4s
#4 sha256:edaf0a6b092f5673ec05b40edb606ce58881b2f40494251117d31805225ef064 6.29MB / 10.00MB 1.6s
#4 sha256:d6ff36c9ec4822c9ff8953560f7ba41653b348a9c1136755e653575f58fbded7 9.44MB / 50.40MB 1.7s
#4 sha256:edaf0a6b092f5673ec05b40edb606ce58881b2f40494251117d31805225ef064 7.34MB / 10.00MB 1.7s
#4 sha256:edaf0a6b092f5673ec05b40edb606ce58881b2f40494251117d31805225ef064 8.39MB / 10.00MB 1.8s
#4 sha256:edaf0a6b092f5673ec05b40edb606ce58881b2f40494251117d31805225ef064 9.44MB / 10.00MB 1.9s
#4 sha256:edaf0a6b092f5673ec05b40edb606ce58881b2f40494251117d31805225ef064 10.00MB / 10.00MB 2.0s
#4 sha256:d6ff36c9ec4822c9ff8953560f7ba41653b348a9c1136755e653575f58fbded7 13.63MB / 50.40MB 2.2s
#4 sha256:c958d65b3090aefea91284d018b2a86530a3c8174b72616c4e76993c696a5797 3.15MB / 7.81MB 2.2s
#4 sha256:c958d65b3090aefea91284d018b2a86530a3c8174b72616c4e76993c696a5797 5.24MB / 7.81MB 2.4s
#4 sha256:edaf0a6b092f5673ec05b40edb606ce58881b2f40494251117d31805225ef064 10.00MB / 10.00MB 2.1s done
#4 sha256:80931cf6881673fd161a3fd73e8971fe4a569fd7fbb44e956d261ca58d97dfab 0B / 51.83MB 2.4s
#4 sha256:c958d65b3090aefea91284d018b2a86530a3c8174b72616c4e76993c696a5797 6.29MB / 7.81MB 2.5s
#4 sha256:d6ff36c9ec4822c9ff8953560f7ba41653b348a9c1136755e653575f58fbded7 17.83MB / 50.40MB 2.7s
#4 sha256:c958d65b3090aefea91284d018b2a86530a3c8174b72616c4e76993c696a5797 7.81MB / 7.81MB 2.6s done
#4 sha256:813643441356759e9202aeebde31d45192b5e5e6218cd8d2ad216304bf415551 0B / 68.67MB 2.7s
#4 sha256:d6ff36c9ec4822c9ff8953560f7ba41653b348a9c1136755e653575f58fbded7 20.97MB / 50.40MB 3.0s
#4 sha256:80931cf6881673fd161a3fd73e8971fe4a569fd7fbb44e956d261ca58d97dfab 4.19MB / 51.83MB 3.0s
#4 sha256:d6ff36c9ec4822c9ff8953560f7ba41653b348a9c1136755e653575f58fbded7 25.17MB / 50.40MB 3.5s
#4 sha256:80931cf6881673fd161a3fd73e8971fe4a569fd7fbb44e956d261ca58d97dfab 7.34MB / 51.83MB 3.5s
#4 sha256:813643441356759e9202aeebde31d45192b5e5e6218cd8d2ad216304bf415551 4.19MB / 68.67MB 3.6s
#4 sha256:80931cf6881673fd161a3fd73e8971fe4a569fd7fbb44e956d261ca58d97dfab 10.49MB / 51.83MB 3.9s
#4 sha256:d6ff36c9ec4822c9ff8953560f7ba41653b348a9c1136755e653575f58fbded7 28.31MB / 50.40MB 4.0s
#4 sha256:813643441356759e9202aeebde31d45192b5e5e6218cd8d2ad216304bf415551 8.39MB / 68.67MB 4.2s
#4 sha256:d6ff36c9ec4822c9ff8953560f7ba41653b348a9c1136755e653575f58fbded7 31.46MB / 50.40MB 4.4s
#4 sha256:80931cf6881673fd161a3fd73e8971fe4a569fd7fbb44e956d261ca58d97dfab 13.63MB / 51.83MB 4.4s
#4 sha256:813643441356759e9202aeebde31d45192b5e5e6218cd8d2ad216304bf415551 12.58MB / 68.67MB 4.7s
#4 sha256:d6ff36c9ec4822c9ff8953560f7ba41653b348a9c1136755e653575f58fbded7 34.60MB / 50.40MB 4.9s
#4 sha256:80931cf6881673fd161a3fd73e8971fe4a569fd7fbb44e956d261ca58d97dfab 16.78MB / 51.83MB 4.9s
#4 sha256:d6ff36c9ec4822c9ff8953560f7ba41653b348a9c1136755e653575f58fbded7 37.75MB / 50.40MB 5.4s
#4 sha256:80931cf6881673fd161a3fd73e8971fe4a569fd7fbb44e956d261ca58d97dfab 20.97MB / 51.83MB 5.4s
#4 sha256:813643441356759e9202aeebde31d45192b5e5e6218cd8d2ad216304bf415551 18.87MB / 68.67MB 5.4s
#4 sha256:d6ff36c9ec4822c9ff8953560f7ba41653b348a9c1136755e653575f58fbded7 40.89MB / 50.40MB 5.8s
#4 sha256:80931cf6881673fd161a3fd73e8971fe4a569fd7fbb44e956d261ca58d97dfab 25.17MB / 51.83MB 6.1s
#4 sha256:813643441356759e9202aeebde31d45192b5e5e6218cd8d2ad216304bf415551 24.12MB / 68.67MB 6.1s
#4 sha256:d6ff36c9ec4822c9ff8953560f7ba41653b348a9c1136755e653575f58fbded7 44.04MB / 50.40MB 6.4s
#4 sha256:80931cf6881673fd161a3fd73e8971fe4a569fd7fbb44e956d261ca58d97dfab 28.31MB / 51.83MB 6.7s
#4 sha256:813643441356759e9202aeebde31d45192b5e5e6218cd8d2ad216304bf415551 29.36MB / 68.67MB 6.7s
#4 sha256:d6ff36c9ec4822c9ff8953560f7ba41653b348a9c1136755e653575f58fbded7 47.19MB / 50.40MB 6.8s
#4 sha256:813643441356759e9202aeebde31d45192b5e5e6218cd8d2ad216304bf415551 33.55MB / 68.67MB 7.1s
#4 sha256:d6ff36c9ec4822c9ff8953560f7ba41653b348a9c1136755e653575f58fbded7 50.40MB / 50.40MB 7.3s
#4 sha256:80931cf6881673fd161a3fd73e8971fe4a569fd7fbb44e956d261ca58d97dfab 31.46MB / 51.83MB 7.3s
#4 sha256:d6ff36c9ec4822c9ff8953560f7ba41653b348a9c1136755e653575f58fbded7 50.40MB / 50.40MB 7.4s done
#4 sha256:813643441356759e9202aeebde31d45192b5e5e6218cd8d2ad216304bf415551 38.80MB / 68.67MB 7.6s
#4 sha256:3a0abf3676a7a22dcf097f6432783bbbf95895679cdfe3f6c96a515b505f7018 0B / 123.75MB 7.6s
#4 sha256:80931cf6881673fd161a3fd73e8971fe4a569fd7fbb44e956d261ca58d97dfab 34.60MB / 51.83MB 7.7s
#4 sha256:80931cf6881673fd161a3fd73e8971fe4a569fd7fbb44e956d261ca58d97dfab 37.75MB / 51.83MB 8.0s
#4 sha256:813643441356759e9202aeebde31d45192b5e5e6218cd8d2ad216304bf415551 42.99MB / 68.67MB 8.0s
#4 extracting sha256:d6ff36c9ec4822c9ff8953560f7ba41653b348a9c1136755e653575f58fbded7
#4 sha256:80931cf6881673fd161a3fd73e8971fe4a569fd7fbb44e956d261ca58d97dfab 40.89MB / 51.83MB 8.3s
#4 sha256:813643441356759e9202aeebde31d45192b5e5e6218cd8d2ad216304bf415551 47.19MB / 68.67MB 8.4s
#4 sha256:80931cf6881673fd161a3fd73e8971fe4a569fd7fbb44e956d261ca58d97dfab 44.04MB / 51.83MB 8.7s
#4 sha256:813643441356759e9202aeebde31d45192b5e5e6218cd8d2ad216304bf415551 51.38MB / 68.67MB 8.9s
#4 sha256:80931cf6881673fd161a3fd73e8971fe4a569fd7fbb44e956d261ca58d97dfab 47.19MB / 51.83MB 9.1s
#4 sha256:80931cf6881673fd161a3fd73e8971fe4a569fd7fbb44e956d261ca58d97dfab 50.33MB / 51.83MB 9.5s
#4 sha256:813643441356759e9202aeebde31d45192b5e5e6218cd8d2ad216304bf415551 55.57MB / 68.67MB 9.5s
#4 sha256:80931cf6881673fd161a3fd73e8971fe4a569fd7fbb44e956d261ca58d97dfab 51.83MB / 51.83MB 9.9s done
#4 sha256:813643441356759e9202aeebde31d45192b5e5e6218cd8d2ad216304bf415551 59.77MB / 68.67MB 10.0s
#4 sha256:3a0abf3676a7a22dcf097f6432783bbbf95895679cdfe3f6c96a515b505f7018 7.34MB / 123.75MB 10.0s
#4 sha256:55972a3ee861ffbdb78a44d96abbf760debec114df683836179b356ade7a8e4c 0B / 125B 10.0s
#4 sha256:813643441356759e9202aeebde31d45192b5e5e6218cd8d2ad216304bf415551 63.96MB / 68.67MB 10.4s
#4 sha256:55972a3ee861ffbdb78a44d96abbf760debec114df683836179b356ade7a8e4c 125B / 125B 10.4s
#4 sha256:55972a3ee861ffbdb78a44d96abbf760debec114df683836179b356ade7a8e4c 125B / 125B 10.4s done
#4 sha256:3a0abf3676a7a22dcf097f6432783bbbf95895679cdfe3f6c96a515b505f7018 14.68MB / 123.75MB 10.8s
#4 sha256:813643441356759e9202aeebde31d45192b5e5e6218cd8d2ad216304bf415551 68.67MB / 68.67MB 10.9s
#4 sha256:813643441356759e9202aeebde31d45192b5e5e6218cd8d2ad216304bf415551 68.67MB / 68.67MB 11.2s done
#4 sha256:3a0abf3676a7a22dcf097f6432783bbbf95895679cdfe3f6c96a515b505f7018 23.07MB / 123.75MB 11.4s
#4 extracting sha256:d6ff36c9ec4822c9ff8953560f7ba41653b348a9c1136755e653575f58fbded7 3.5s done
#4 sha256:3a0abf3676a7a22dcf097f6432783bbbf95895679cdfe3f6c96a515b505f7018 29.36MB / 123.75MB 11.7s
#4 extracting sha256:c958d65b3090aefea91284d018b2a86530a3c8174b72616c4e76993c696a5797
#4 extracting sha256:c958d65b3090aefea91284d018b2a86530a3c8174b72616c4e76993c696a5797 0.4s done
#4 sha256:3a0abf3676a7a22dcf097f6432783bbbf95895679cdfe3f6c96a515b505f7018 36.70MB / 123.75MB 12.4s
#4 extracting sha256:edaf0a6b092f5673ec05b40edb606ce58881b2f40494251117d31805225ef064 0.1s
#4 extracting sha256:edaf0a6b092f5673ec05b40edb606ce58881b2f40494251117d31805225ef064 0.3s done
#4 extracting sha256:80931cf6881673fd161a3fd73e8971fe4a569fd7fbb44e956d261ca58d97dfab
#4 sha256:3a0abf3676a7a22dcf097f6432783bbbf95895679cdfe3f6c96a515b505f7018 44.04MB / 123.75MB 13.0s
#4 sha256:3a0abf3676a7a22dcf097f6432783bbbf95895679cdfe3f6c96a515b505f7018 50.33MB / 123.75MB 13.7s
#4 sha256:3a0abf3676a7a22dcf097f6432783bbbf95895679cdfe3f6c96a515b505f7018 56.62MB / 123.75MB 14.2s
#4 sha256:3a0abf3676a7a22dcf097f6432783bbbf95895679cdfe3f6c96a515b505f7018 63.96MB / 123.75MB 14.9s
#4 sha256:3a0abf3676a7a22dcf097f6432783bbbf95895679cdfe3f6c96a515b505f7018 71.30MB / 123.75MB 15.7s
#4 extracting sha256:80931cf6881673fd161a3fd73e8971fe4a569fd7fbb44e956d261ca58d97dfab 3.3s done
#4 sha256:3a0abf3676a7a22dcf097f6432783bbbf95895679cdfe3f6c96a515b505f7018 77.59MB / 123.75MB 16.3s
#4 extracting sha256:813643441356759e9202aeebde31d45192b5e5e6218cd8d2ad216304bf415551
#4 sha256:3a0abf3676a7a22dcf097f6432783bbbf95895679cdfe3f6c96a515b505f7018 84.93MB / 123.75MB 17.0s
#4 sha256:3a0abf3676a7a22dcf097f6432783bbbf95895679cdfe3f6c96a515b505f7018 91.23MB / 123.75MB 17.6s
#4 sha256:3a0abf3676a7a22dcf097f6432783bbbf95895679cdfe3f6c96a515b505f7018 98.57MB / 123.75MB 18.3s
#4 sha256:3a0abf3676a7a22dcf097f6432783bbbf95895679cdfe3f6c96a515b505f7018 104.86MB / 123.75MB 18.9s
#4 sha256:3a0abf3676a7a22dcf097f6432783bbbf95895679cdfe3f6c96a515b505f7018 111.15MB / 123.75MB 19.4s
#4 extracting sha256:813643441356759e9202aeebde31d45192b5e5e6218cd8d2ad216304bf415551 3.4s done
#4 sha256:3a0abf3676a7a22dcf097f6432783bbbf95895679cdfe3f6c96a515b505f7018 117.44MB / 123.75MB 20.0s
#4 sha256:3a0abf3676a7a22dcf097f6432783bbbf95895679cdfe3f6c96a515b505f7018 123.75MB / 123.75MB 20.6s
#4 sha256:3a0abf3676a7a22dcf097f6432783bbbf95895679cdfe3f6c96a515b505f7018 123.75MB / 123.75MB 20.9s done
#4 extracting sha256:3a0abf3676a7a22dcf097f6432783bbbf95895679cdfe3f6c96a515b505f7018
#4 extracting sha256:3a0abf3676a7a22dcf097f6432783bbbf95895679cdfe3f6c96a515b505f7018 5.3s
#4 extracting sha256:3a0abf3676a7a22dcf097f6432783bbbf95895679cdfe3f6c96a515b505f7018 5.4s done
#4 extracting sha256:55972a3ee861ffbdb78a44d96abbf760debec114df683836179b356ade7a8e4c done
#4 DONE 27.8s

#5 [2/7] RUN echo "Installing from source.  -- "
#5 sha256:1f00bfea52f1c03c5567bb1ea7a9449adbef8af0bb918f373466f2ef2b94f6a0
#5 0.629 Installing from source.  -- 
#5 DONE 2.1s

#6 [3/7] RUN apt-get update && apt-get install -y apt-utils curl git git-core bsdmainutils python3
#6 sha256:8dfdefd3669c8f97ae88b24e3fe505dac3a164444d95890c39b9bdc757c3616e
#6 0.978 Get:1 http://deb.debian.org/debian buster InRelease [122 kB]
#6 0.994 Get:2 http://security.debian.org/debian-security buster/updates InRelease [65.4 kB]
#6 1.242 Get:3 http://deb.debian.org/debian buster-updates InRelease [51.9 kB]
#6 1.345 Get:4 http://security.debian.org/debian-security buster/updates/main amd64 Packages [305 kB]
#6 1.446 Get:5 http://deb.debian.org/debian buster/main amd64 Packages [7907 kB]
#6 2.364 Get:6 http://deb.debian.org/debian buster-updates/main amd64 Packages [15.2 kB]
#6 3.176 Fetched 8466 kB in 2s (3402 kB/s)
#6 3.176 Reading package lists...
#6 3.670 Reading package lists...
#6 4.128 Building dependency tree...
#6 4.223 Reading state information...
#6 4.305 git is already the newest version (1:2.20.1-2+deb10u3).
#6 4.305 The following additional packages will be installed:
#6 4.305   apt libapt-inst2.0 libcurl4 libmpdec2 libpython3-stdlib libpython3.7-minimal
#6 4.305   libpython3.7-stdlib python3-minimal python3.7 python3.7-minimal
#6 4.306 Suggested packages:
#6 4.306   apt-doc aptitude | synaptic | wajig dpkg-dev powermgmt-base wamerican
#6 4.306   | wordlist whois vacation python3-doc python3-tk python3-venv python3.7-venv
#6 4.306   python3.7-doc binfmt-support
#6 4.377 The following NEW packages will be installed:
#6 4.377   apt-utils bsdmainutils libapt-inst2.0 libmpdec2 libpython3-stdlib
#6 4.378   libpython3.7-minimal libpython3.7-stdlib python3 python3-minimal python3.7
#6 4.378   python3.7-minimal
#6 4.379 The following packages will be upgraded:
#6 4.380   apt curl libcurl4
#6 4.597 3 upgraded, 11 newly installed, 0 to remove and 31 not upgraded.
#6 4.597 Need to get 7426 kB of archives.
#6 4.597 After this operation, 25.5 MB of additional disk space will be used.
#6 4.597 Get:1 http://deb.debian.org/debian buster/main amd64 apt amd64 1.8.2.3 [1418 kB]
#6 5.241 Get:2 http://deb.debian.org/debian buster/main amd64 libpython3.7-minimal amd64 3.7.3-2+deb10u3 [589 kB]
#6 5.280 Get:3 http://deb.debian.org/debian buster/main amd64 python3.7-minimal amd64 3.7.3-2+deb10u3 [1737 kB]
#6 5.384 Get:4 http://deb.debian.org/debian buster/main amd64 python3-minimal amd64 3.7.3-1 [36.6 kB]
#6 5.387 Get:5 http://deb.debian.org/debian buster/main amd64 libmpdec2 amd64 2.4.2-2 [87.2 kB]
#6 5.392 Get:6 http://deb.debian.org/debian buster/main amd64 libpython3.7-stdlib amd64 3.7.3-2+deb10u3 [1734 kB]
#6 5.476 Get:7 http://deb.debian.org/debian buster/main amd64 python3.7 amd64 3.7.3-2+deb10u3 [330 kB]
#6 5.492 Get:8 http://deb.debian.org/debian buster/main amd64 libpython3-stdlib amd64 3.7.3-1 [20.0 kB]
#6 5.493 Get:9 http://deb.debian.org/debian buster/main amd64 python3 amd64 3.7.3-1 [61.5 kB]
#6 5.502 Get:10 http://deb.debian.org/debian buster/main amd64 libapt-inst2.0 amd64 1.8.2.3 [204 kB]
#6 5.512 Get:11 http://deb.debian.org/debian buster/main amd64 apt-utils amd64 1.8.2.3 [421 kB]
#6 5.531 Get:12 http://deb.debian.org/debian buster/main amd64 bsdmainutils amd64 11.1.2+b1 [191 kB]
#6 5.540 Get:13 http://deb.debian.org/debian buster/main amd64 curl amd64 7.64.0-4+deb10u2 [265 kB]
#6 5.552 Get:14 http://deb.debian.org/debian buster/main amd64 libcurl4 amd64 7.64.0-4+deb10u2 [332 kB]
#6 5.695 debconf: delaying package configuration, since apt-utils is not installed
#6 5.727 Fetched 7426 kB in 1s (6262 kB/s)
#6 5.828 (Reading database ... (Reading database ... 5%(Reading database ... 10%(Reading database ... 15%(Reading database ... 20%(Reading database ... 25%(Reading database ... 30%(Reading database ... 35%(Reading database ... 40%(Reading database ... 45%(Reading database ... 50%(Reading database ... 55%(Reading database ... 60%(Reading database ... 65%(Reading database ... 70%(Reading database ... 75%(Reading database ... 80%(Reading database ... 85%(Reading database ... 90%(Reading database ... 95%(Reading database ... 100%(Reading database ... 15410 files and directories currently installed.)
#6 5.838 Preparing to unpack .../archives/apt_1.8.2.3_amd64.deb ...
#6 5.946 Unpacking apt (1.8.2.3) over (1.8.2.1) ...
#6 7.797 Setting up apt (1.8.2.3) ...
#6 8.261 Selecting previously unselected package libpython3.7-minimal:amd64.
#6 8.261 (Reading database ... (Reading database ... 5%(Reading database ... 10%(Reading database ... 15%(Reading database ... 20%(Reading database ... 25%(Reading database ... 30%(Reading database ... 35%(Reading database ... 40%(Reading database ... 45%(Reading database ... 50%(Reading database ... 55%(Reading database ... 60%(Reading database ... 65%(Reading database ... 70%(Reading database ... 75%(Reading database ... 80%(Reading database ... 85%(Reading database ... 90%(Reading database ... 95%(Reading database ... 100%(Reading database ... 15410 files and directories currently installed.)
#6 8.269 Preparing to unpack .../libpython3.7-minimal_3.7.3-2+deb10u3_amd64.deb ...
#6 8.284 Unpacking libpython3.7-minimal:amd64 (3.7.3-2+deb10u3) ...
#6 8.466 Selecting previously unselected package python3.7-minimal.
#6 8.467 Preparing to unpack .../python3.7-minimal_3.7.3-2+deb10u3_amd64.deb ...
#6 8.484 Unpacking python3.7-minimal (3.7.3-2+deb10u3) ...
#6 8.720 Setting up libpython3.7-minimal:amd64 (3.7.3-2+deb10u3) ...
#6 8.792 Setting up python3.7-minimal (3.7.3-2+deb10u3) ...
#6 9.285 Selecting previously unselected package python3-minimal.
#6 9.285 (Reading database ... (Reading database ... 5%(Reading database ... 10%(Reading database ... 15%(Reading database ... 20%(Reading database ... 25%(Reading database ... 30%(Reading database ... 35%(Reading database ... 40%(Reading database ... 45%(Reading database ... 50%(Reading database ... 55%(Reading database ... 60%(Reading database ... 65%(Reading database ... 70%(Reading database ... 75%(Reading database ... 80%(Reading database ... 85%(Reading database ... 90%(Reading database ... 95%(Reading database ... 100%(Reading database ... 15650 files and directories currently installed.)
#6 9.293 Preparing to unpack .../python3-minimal_3.7.3-1_amd64.deb ...
#6 9.309 Unpacking python3-minimal (3.7.3-1) ...
#6 9.435 Selecting previously unselected package libmpdec2:amd64.
#6 9.436 Preparing to unpack .../libmpdec2_2.4.2-2_amd64.deb ...
#6 9.452 Unpacking libmpdec2:amd64 (2.4.2-2) ...
#6 9.548 Selecting previously unselected package libpython3.7-stdlib:amd64.
#6 9.549 Preparing to unpack .../libpython3.7-stdlib_3.7.3-2+deb10u3_amd64.deb ...
#6 9.564 Unpacking libpython3.7-stdlib:amd64 (3.7.3-2+deb10u3) ...
#6 9.812 Selecting previously unselected package python3.7.
#6 9.814 Preparing to unpack .../python3.7_3.7.3-2+deb10u3_amd64.deb ...
#6 9.831 Unpacking python3.7 (3.7.3-2+deb10u3) ...
#6 9.941 Selecting previously unselected package libpython3-stdlib:amd64.
#6 9.942 Preparing to unpack .../libpython3-stdlib_3.7.3-1_amd64.deb ...
#6 9.959 Unpacking libpython3-stdlib:amd64 (3.7.3-1) ...
#6 10.06 Setting up python3-minimal (3.7.3-1) ...
#6 10.31 Selecting previously unselected package python3.
#6 10.31 (Reading database ... (Reading database ... 5%(Reading database ... 10%(Reading database ... 15%(Reading database ... 20%(Reading database ... 25%(Reading database ... 30%(Reading database ... 35%(Reading database ... 40%(Reading database ... 45%(Reading database ... 50%(Reading database ... 55%(Reading database ... 60%(Reading database ... 65%(Reading database ... 70%(Reading database ... 75%(Reading database ... 80%(Reading database ... 85%(Reading database ... 90%(Reading database ... 95%(Reading database ... 100%(Reading database ... 16062 files and directories currently installed.)
#6 10.31 Preparing to unpack .../0-python3_3.7.3-1_amd64.deb ...
#6 10.33 Unpacking python3 (3.7.3-1) ...
#6 10.46 Selecting previously unselected package libapt-inst2.0:amd64.
#6 10.46 Preparing to unpack .../1-libapt-inst2.0_1.8.2.3_amd64.deb ...
#6 10.48 Unpacking libapt-inst2.0:amd64 (1.8.2.3) ...
#6 10.58 Selecting previously unselected package apt-utils.
#6 10.58 Preparing to unpack .../2-apt-utils_1.8.2.3_amd64.deb ...
#6 10.60 Unpacking apt-utils (1.8.2.3) ...
#6 10.74 Selecting previously unselected package bsdmainutils.
#6 10.74 Preparing to unpack .../3-bsdmainutils_11.1.2+b1_amd64.deb ...
#6 10.76 Unpacking bsdmainutils (11.1.2+b1) ...
#6 10.86 Preparing to unpack .../4-curl_7.64.0-4+deb10u2_amd64.deb ...
#6 10.92 Unpacking curl (7.64.0-4+deb10u2) over (7.64.0-4+deb10u1) ...
#6 11.12 Preparing to unpack .../5-libcurl4_7.64.0-4+deb10u2_amd64.deb ...
#6 11.17 Unpacking libcurl4:amd64 (7.64.0-4+deb10u2) over (7.64.0-4+deb10u1) ...
#6 11.36 Setting up libapt-inst2.0:amd64 (1.8.2.3) ...
#6 11.40 Setting up bsdmainutils (11.1.2+b1) ...
#6 11.50 update-alternatives: using /usr/bin/bsd-write to provide /usr/bin/write (write) in auto mode
#6 11.51 update-alternatives: using /usr/bin/bsd-from to provide /usr/bin/from (from) in auto mode
#6 11.54 Setting up libcurl4:amd64 (7.64.0-4+deb10u2) ...
#6 11.58 Setting up curl (7.64.0-4+deb10u2) ...
#6 11.63 Setting up libmpdec2:amd64 (2.4.2-2) ...
#6 11.69 Setting up libpython3.7-stdlib:amd64 (3.7.3-2+deb10u3) ...
#6 11.74 Setting up apt-utils (1.8.2.3) ...
#6 11.78 Setting up libpython3-stdlib:amd64 (3.7.3-1) ...
#6 11.83 Setting up python3.7 (3.7.3-2+deb10u3) ...
#6 12.45 Setting up python3 (3.7.3-1) ...
#6 12.58 Processing triggers for libc-bin (2.28-10) ...
#6 12.65 Processing triggers for mime-support (3.62) ...
#6 DONE 13.1s

#8 [4/7] COPY . /tmp
#8 sha256:62bcf679181f6317e3f7728a0cd540b1bb59407387a9d68e8f80ccb419db1f30
#8 DONE 0.2s

#9 [5/7] RUN /tmp/images/algod/install.sh     -d "/node"     -c "stable"     -u ""     -b ""     -s ""
#9 sha256:6ac2f64ee946ed93e8fa69ee06589fab316ae94114f6ca24b407398862e6d768
#9 0.414 /tmp/images/algod /go
#9 0.414 Installing algod with options:
#9 0.414   BINDIR = /node
#9 0.414   CHANNEL = stable
#9 0.414   URL = 
#9 0.414   BRANCH = 
#9 0.414   SHA = 
#9 0.423 Current Version = 0
#9 2.650 updater
#9 2.827 updater binary was downloaded
#9 3.784 Latest Version = 12884901889
#9 3.784 New version found
#9 3.793 Checking for files matching: 'channel/stable/node_stable_linux-amd64_' in bucket algorand-releases
#9 20.74 Update Downloaded to /tmp/tmp.PSo8kWmT8s/12884901889.tar.gz
#9 20.74 Expanding update...
#9 25.97 Validating update...
#9 25.97 Starting the new update script to complete the installation...
#9 25.99 ... Resuming installation from the latest update script
#9 25.99 Current Version = 0
#9 25.99 Backing up current binary files...
#9 26.00 Backing up current data files from /node/data...
#9 26.00 Installing new binary files...
#9 28.81 Installing new data files into /node/data...
#9 28.81 Copying genesis files locally
#9 28.81 Checking for new ledger in /node/data
#9 29.00 Cannot read genesis file /node/data/genesis.json: open /node/data/genesis.json: no such file or directory
#9 29.00 Updating genesis files for default network
#9 29.03 New genesis ID, resetting wallets
#9 29.03 New Ledger - restoring genesis accounts in /node/data
#9 29.03 New Ledger - importing rootkeys for genesis accounts
#9 29.16 Imported 0 keys
#9 29.16 Applying migration fixups...
#9 29.16 Deleting existing log files in /node/data
#9 29.17 Install complete - restart node manually
#9 DONE 30.3s

#10 [6/7] RUN /tmp/images/algod/setup.py  --bin-dir "/node"  --data-dir "/opt/data"  --start-script "/opt/start_algod.sh"  --network-dir "/opt/testnetwork"  --network-template "/tmp/images/algod/template.json"  --network-token "aaaaaaaaaaaaaaaaaaaaaaaaaaaaaaaaaaaaaaaaaaaaaaaaaaaaaaaaaaaaaaaa"  --algod-port "4001"  --kmd-port "4002"  --bootstrap-url "<network>.algorand.network"  --genesis-file "/tmp/genesis/testnet/genesis.json"
#10 sha256:8ee3bc8c5ce041836dbc729cda1c3cea326e2cd1bdbfdad043214aa4802c254b
#10 0.705 Configuring network with the following arguments:
#10 0.705 {   'algod_port': '4001',
#10 0.705     'bin_dir': '/node',
#10 0.705     'bootstrap_url': '<network>.algorand.network',
#10 0.705     'data_dir': '/opt/data',
#10 0.705     'genesis_file': '/tmp/genesis/testnet/genesis.json',
#10 0.705     'kmd_port': '4002',
#10 0.705     'network_dir': '/opt/testnetwork',
#10 0.705     'network_template': '/tmp/images/algod/template.json',
#10 0.705     'network_token': 'aaaaaaaaaaaaaaaaaaaaaaaaaaaaaaaaaaaaaaaaaaaaaaaaaaaaaaaaaaaaaaaa',
#10 0.705     'start_script': '/opt/start_algod.sh'}
#10 0.705 Setting up real retwork.
#10 0.705 Start commands for /opt/start_algod.sh:
#10 0.705 [   '/node/goal node start -d /opt/testnetwork/Node',
#10 0.705     '/node/kmd start -t 0 -d /opt/testnetwork/Node/kmd-v0.5']
#10 0.705 Creating symlink /opt/data -> /opt/testnetwork/Node
#10 DONE 0.8s

#11 [7/7] WORKDIR /opt/data
#11 sha256:a467c641b401a2034839964707418af7e47b95ab7db07d441a580ac6a5f4a23d
#11 DONE 0.2s

#12 exporting to image
#12 sha256:e8c613e07b0b7ff33893b694f7759a10d42e180f2b4dc349fb57dc6b71dcab00
#12 exporting layers
#12 exporting layers 1.7s done
#12 writing image sha256:4cc4254f3f7782046c43e2b0134bdab3484c90e52ef5500e2026139842b98ee9 0.0s done
#12 naming to docker.io/library/sandbox_algod done
#12 DONE 1.7s

Use 'docker scan' to run Snyk tests against images to find vulnerabilities and learn how to fix them
Image for service algod was built because it did not already exist. To rebuild this image you must use `docker-compose build` or `docker-compose up --build`.
Pulling indexer-db (postgres:13-alpine)...
time="2021-10-07T21:34:03+04:00" level=error msg="failed to create file hook: while creating logrus local file hook: unable to get 'APPDATA'"
13-alpine: Pulling from library/postgres
Digest: sha256:beb96848244b4528c476d8896bbdea11855a3b85b6fd92077ac05813ec56c3a4
Status: Downloaded newer image for postgres:13-alpine
Building indexer
#1 [internal] load build definition from Dockerfile
#1 sha256:56409c76c6713942fe4750f0373f8b7a8e627ce0aab36a216417a7326d86ab8f
#1 transferring dockerfile: 591B done
#1 DONE 0.1s

#2 [internal] load .dockerignore
#2 sha256:8ad3a73a7ee8c8913c2c10cc01e5d9d536f7c4a1788b4ba3c5eda8beb1cfeaff
#2 transferring context: 34B done
#2 DONE 0.1s

#3 [internal] load metadata for docker.io/library/golang:1.13.12-alpine
#3 sha256:c1fe377998185b5d71203b5570984870769149b92336d99304a9cbe4ae5a175e
time="2021-10-07T21:34:23+04:00" level=error msg="failed to create file hook: while creating logrus local file hook: unable to get 'APPDATA'"
#3 DONE 7.8s

#7 [internal] load build context
#7 sha256:7c655ce38eacc0f3d4cd043bf633046b79a1979978085c8215c56376fcf53257
#7 DONE 0.0s

#4 [1/7] FROM docker.io/library/golang:1.13.12-alpine@sha256:4c475018cc22a3c1b1e42806467be68c61beef9f94cb4533960f5fdd53f631b4
#4 sha256:932460da40bd4c16710fc9bcd60b2ad0ea32b12af90d321b84bbe38b3659f056
#4 resolve docker.io/library/golang:1.13.12-alpine@sha256:4c475018cc22a3c1b1e42806467be68c61beef9f94cb4533960f5fdd53f631b4 0.0s done
#4 ...

#7 [internal] load build context
#7 sha256:7c655ce38eacc0f3d4cd043bf633046b79a1979978085c8215c56376fcf53257
#7 transferring context: 196B done
#7 DONE 0.1s

#4 [1/7] FROM docker.io/library/golang:1.13.12-alpine@sha256:4c475018cc22a3c1b1e42806467be68c61beef9f94cb4533960f5fdd53f631b4
#4 sha256:932460da40bd4c16710fc9bcd60b2ad0ea32b12af90d321b84bbe38b3659f056
#4 sha256:4c475018cc22a3c1b1e42806467be68c61beef9f94cb4533960f5fdd53f631b4 1.65kB / 1.65kB done
#4 sha256:90e2f8cc39f2bb8450c45b41580b285ca4c177b3c9c7fe0015732ba010c68a2b 1.36kB / 1.36kB done
#4 sha256:cea245765db1a405a8511d96d147f5161c55f225515c3929dfcf215048add463 3.83kB / 3.83kB done
#4 sha256:df20fa9351a15782c64e6dddb2d4a6f50bf6d3688060a34c4014b0d9a752eb4c 0B / 2.80MB 0.1s
#4 sha256:ed8968b2872e472e21554ca58b35a02277634f3e501cc04ab7b0d0963f60f54d 0B / 282.60kB 0.2s
#4 sha256:a92cc7c5fd73817407fa0e4de5e1fb262a9c0f34c35c7450a2d01a7cef79c62f 0B / 155B 0.2s
#4 sha256:df20fa9351a15782c64e6dddb2d4a6f50bf6d3688060a34c4014b0d9a752eb4c 1.05MB / 2.80MB 0.4s
#4 sha256:df20fa9351a15782c64e6dddb2d4a6f50bf6d3688060a34c4014b0d9a752eb4c 2.80MB / 2.80MB 0.5s done
#4 sha256:a92cc7c5fd73817407fa0e4de5e1fb262a9c0f34c35c7450a2d01a7cef79c62f 155B / 155B 0.5s done
#4 extracting sha256:df20fa9351a15782c64e6dddb2d4a6f50bf6d3688060a34c4014b0d9a752eb4c 0.1s
#4 sha256:e5ffe4cf9f04433b1e030067c4d129ea3821af101c597980cfeb846f7efea799 0B / 126B 0.6s
#4 sha256:e9b686f23470bc8eab4c3afc6da133e5ff7dc010c2ce3f58564e1bcd3cecd752 0B / 126.96MB 0.6s
#4 extracting sha256:df20fa9351a15782c64e6dddb2d4a6f50bf6d3688060a34c4014b0d9a752eb4c 0.2s done
#4 sha256:ed8968b2872e472e21554ca58b35a02277634f3e501cc04ab7b0d0963f60f54d 282.60kB / 282.60kB 0.7s done
#4 extracting sha256:ed8968b2872e472e21554ca58b35a02277634f3e501cc04ab7b0d0963f60f54d 0.1s done
#4 extracting sha256:a92cc7c5fd73817407fa0e4de5e1fb262a9c0f34c35c7450a2d01a7cef79c62f done
#4 sha256:e5ffe4cf9f04433b1e030067c4d129ea3821af101c597980cfeb846f7efea799 126B / 126B 1.2s done
#4 sha256:e9b686f23470bc8eab4c3afc6da133e5ff7dc010c2ce3f58564e1bcd3cecd752 7.34MB / 126.96MB 3.2s
#4 sha256:e9b686f23470bc8eab4c3afc6da133e5ff7dc010c2ce3f58564e1bcd3cecd752 16.78MB / 126.96MB 4.5s
#4 sha256:e9b686f23470bc8eab4c3afc6da133e5ff7dc010c2ce3f58564e1bcd3cecd752 24.12MB / 126.96MB 5.8s
#4 sha256:e9b686f23470bc8eab4c3afc6da133e5ff7dc010c2ce3f58564e1bcd3cecd752 31.46MB / 126.96MB 6.9s
#4 sha256:e9b686f23470bc8eab4c3afc6da133e5ff7dc010c2ce3f58564e1bcd3cecd752 38.80MB / 126.96MB 8.1s
#4 sha256:e9b686f23470bc8eab4c3afc6da133e5ff7dc010c2ce3f58564e1bcd3cecd752 46.14MB / 126.96MB 9.0s
#4 sha256:e9b686f23470bc8eab4c3afc6da133e5ff7dc010c2ce3f58564e1bcd3cecd752 53.48MB / 126.96MB 9.5s
#4 sha256:e9b686f23470bc8eab4c3afc6da133e5ff7dc010c2ce3f58564e1bcd3cecd752 61.87MB / 126.96MB 10.9s
#4 sha256:e9b686f23470bc8eab4c3afc6da133e5ff7dc010c2ce3f58564e1bcd3cecd752 69.21MB / 126.96MB 11.8s
#4 sha256:e9b686f23470bc8eab4c3afc6da133e5ff7dc010c2ce3f58564e1bcd3cecd752 76.55MB / 126.96MB 12.7s
#4 sha256:e9b686f23470bc8eab4c3afc6da133e5ff7dc010c2ce3f58564e1bcd3cecd752 83.89MB / 126.96MB 13.7s
#4 sha256:e9b686f23470bc8eab4c3afc6da133e5ff7dc010c2ce3f58564e1bcd3cecd752 92.27MB / 126.96MB 14.8s
#4 sha256:e9b686f23470bc8eab4c3afc6da133e5ff7dc010c2ce3f58564e1bcd3cecd752 101.71MB / 126.96MB 15.9s
#4 sha256:e9b686f23470bc8eab4c3afc6da133e5ff7dc010c2ce3f58564e1bcd3cecd752 110.10MB / 126.96MB 16.7s
#4 sha256:e9b686f23470bc8eab4c3afc6da133e5ff7dc010c2ce3f58564e1bcd3cecd752 117.44MB / 126.96MB 17.6s
#4 sha256:e9b686f23470bc8eab4c3afc6da133e5ff7dc010c2ce3f58564e1bcd3cecd752 126.96MB / 126.96MB 18.4s
#4 sha256:e9b686f23470bc8eab4c3afc6da133e5ff7dc010c2ce3f58564e1bcd3cecd752 126.96MB / 126.96MB 19.3s done
#4 extracting sha256:e9b686f23470bc8eab4c3afc6da133e5ff7dc010c2ce3f58564e1bcd3cecd752
#4 extracting sha256:e9b686f23470bc8eab4c3afc6da133e5ff7dc010c2ce3f58564e1bcd3cecd752 5.1s
#4 extracting sha256:e9b686f23470bc8eab4c3afc6da133e5ff7dc010c2ce3f58564e1bcd3cecd752 6.8s done
#4 extracting sha256:e5ffe4cf9f04433b1e030067c4d129ea3821af101c597980cfeb846f7efea799
#4 extracting sha256:e5ffe4cf9f04433b1e030067c4d129ea3821af101c597980cfeb846f7efea799 done
#4 DONE 26.9s

#5 [2/7] WORKDIR /opt/indexer
#5 sha256:bbe026ca7d4e109ecb29d6f5b5757e80961d093aba47eef3db4308926b01c3a9
#5 DONE 0.5s

#6 [3/7] RUN apk add --no-cache git bzip2 make bash libtool boost-dev autoconf automake g++
#6 sha256:486a45616d9b0b22a1964121e73b04dab67b4fe60a6831880645548fde1cb3d0
#6 0.401 fetch http://dl-cdn.alpinelinux.org/alpine/v3.12/main/x86_64/APKINDEX.tar.gz
#6 3.152 fetch http://dl-cdn.alpinelinux.org/alpine/v3.12/community/x86_64/APKINDEX.tar.gz
#6 3.622 (1/76) Upgrading musl (1.1.24-r8 -> 1.1.24-r10)
#6 3.751 (2/76) Installing m4 (1.4.18-r1)
#6 3.865 (3/76) Installing libbz2 (1.0.8-r1)
#6 3.972 (4/76) Installing perl (5.30.3-r0)
#6 4.641 (5/76) Installing autoconf (2.69-r2)
#6 4.780 (6/76) Installing automake (1.16.2-r0)
#6 4.919 (7/76) Installing ncurses-terminfo-base (6.2_p20200523-r0)
#6 5.033 (8/76) Installing ncurses-libs (6.2_p20200523-r0)
#6 5.155 (9/76) Installing readline (8.0.4-r0)
#6 5.268 (10/76) Installing bash (5.0.17-r0)
#6 5.397 Executing bash-5.0.17-r0.post-install
#6 5.400 (11/76) Installing boost-atomic (1.72.0-r6)
#6 5.670 (12/76) Installing libgcc (9.3.0-r2)
#6 5.779 (13/76) Installing boost-chrono (1.72.0-r6)
#6 6.055 (14/76) Installing boost-container (1.72.0-r6)
#6 6.340 (15/76) Installing boost-context (1.72.0-r6)
#6 6.446 (16/76) Installing boost-contract (1.72.0-r6)
#6 6.740 (17/76) Installing boost-thread (1.72.0-r6)
#6 6.851 (18/76) Installing boost-coroutine (1.72.0-r6)
#6 7.125 (19/76) Installing boost-date_time (1.72.0-r6)
#6 7.401 (20/76) Installing boost-fiber (1.72.0-r6)
#6 7.681 (21/76) Installing boost-filesystem (1.72.0-r6)
#6 7.790 (22/76) Installing libstdc++ (9.3.0-r2)
#6 7.925 (23/76) Installing icu-libs (67.1-r0)
#6 8.928 (24/76) Installing boost-regex (1.72.0-r6)
#6 9.286 (25/76) Installing boost-graph (1.72.0-r6)
#6 9.658 (26/76) Installing xz-libs (5.2.5-r0)
#6 9.767 (27/76) Installing boost-iostreams (1.72.0-r6)
#6 9.875 (28/76) Installing boost-locale (1.72.0-r6)
#6 10.01 (29/76) Installing boost-log (1.72.0-r6)
#6 10.47 (30/76) Installing boost-log_setup (1.72.0-r6)
#6 10.93 (31/76) Installing boost-math (1.72.0-r6)
#6 11.49 (32/76) Installing boost-prg_exec_monitor (1.72.0-r6)
#6 11.68 (33/76) Installing boost-program_options (1.72.0-r6)
#6 11.80 (34/76) Installing expat (2.2.9-r1)
#6 11.91 (35/76) Installing libffi (3.3-r2)
#6 12.02 (36/76) Installing gdbm (1.13-r1)
#6 12.13 (37/76) Installing sqlite-libs (3.32.1-r1)
#6 12.26 (38/76) Installing python3 (3.8.10-r0)
#6 13.37 (39/76) Installing boost-python3 (1.72.0-r6)
#6 13.74 (40/76) Installing boost-random (1.72.0-r6)
#6 14.01 (41/76) Installing boost-serialization (1.72.0-r6)
#6 14.37 (42/76) Installing boost-stacktrace_basic (1.72.0-r6)
#6 14.64 (43/76) Installing boost-stacktrace_noop (1.72.0-r6)
#6 14.91 (44/76) Installing boost-system (1.72.0-r6)
#6 15.18 (45/76) Installing boost-timer (1.72.0-r6)
#6 15.45 (46/76) Installing boost-type_erasure (1.72.0-r6)
#6 15.73 (47/76) Installing boost-unit_test_framework (1.72.0-r6)
#6 16.21 (48/76) Installing boost-wave (1.72.0-r6)
#6 16.73 (49/76) Installing boost-wserialization (1.72.0-r6)
#6 17.02 (50/76) Installing boost-libs (1.72.0-r6)
#6 17.29 (51/76) Installing boost (1.72.0-r6)
#6 17.80 (52/76) Installing linux-headers (5.4.5-r1)
#6 18.09 (53/76) Installing boost-dev (1.72.0-r6)
#6 26.28 (54/76) Installing bzip2 (1.0.8-r1)
#6 26.66 (55/76) Installing binutils (2.34-r2)
#6 27.04 (56/76) Installing gmp (6.2.0-r0)
#6 27.16 (57/76) Installing isl (0.18-r0)
#6 27.32 (58/76) Installing libgomp (9.3.0-r2)
#6 27.44 (59/76) Installing libatomic (9.3.0-r2)
#6 27.55 (60/76) Installing libgphobos (9.3.0-r2)
#6 27.82 (61/76) Installing mpfr4 (4.0.2-r4)
#6 27.95 (62/76) Installing mpc1 (1.1.0-r1)
#6 28.06 (63/76) Installing gcc (9.3.0-r2)
#6 31.98 (64/76) Installing musl-dev (1.1.24-r10)
#6 32.40 (65/76) Installing libc-dev (0.7.2-r3)
#6 32.50 (66/76) Installing g++ (9.3.0-r2)
#6 34.43 (67/76) Installing nghttp2-libs (1.41.0-r0)
#6 34.54 (68/76) Installing libcurl (7.79.1-r0)
#6 34.66 (69/76) Installing pcre2 (10.35-r0)
#6 34.79 (70/76) Installing git (2.26.3-r0)
#6 35.59 (71/76) Installing perl-error (0.17029-r0)
#6 35.86 (72/76) Installing perl-git (2.26.3-r0)
#6 35.98 (73/76) Installing git-perl (2.26.3-r0)
#6 36.08 (74/76) Installing libltdl (2.4.6-r7)
#6 36.28 (75/76) Installing libtool (2.4.6-r7)
#6 36.43 (76/76) Installing make (4.3-r0)
#6 36.56 Executing busybox-1.31.1-r16.trigger
#6 36.58 OK: 517 MiB in 90 packages
#6 DONE 37.6s

#8 [4/7] COPY images/indexer/disabled.go /tmp/disabled.go
#8 sha256:0310c0c13449e9b11abdbe9b84ad73a432537332c7390bd61a5306e30d4e5d89
#8 DONE 0.2s

#9 [5/7] COPY images/indexer/start.sh /tmp/start.sh
#9 sha256:426abafeaa167f0f1e3263ef5a1afecc7d6989a2273d8ea6300ba1bf48f60c31
#9 DONE 0.2s

#10 [6/7] COPY images/indexer/install.sh /tmp/install.sh
#10 sha256:693a16ebafe88944d4da69ed03fbd858c0c703dc3184784cea914d88af4a4269
#10 DONE 0.2s

#11 [7/7] RUN /tmp/install.sh
#11 sha256:5b8bea0c8666f85cdd909fadf3451d4206bd0f4757b6971eb68c9ca55bc41d14
#11 0.825 Missing BRANCH or URL environment variable. Skipping install.
#11 DONE 0.9s

#12 exporting to image
#12 sha256:e8c613e07b0b7ff33893b694f7759a10d42e180f2b4dc349fb57dc6b71dcab00
#12 exporting layers
#12 exporting layers 4.2s done
#12 writing image sha256:cd9c82951c35950a98818027a4d247ef2805deac35a1feed3093f47754395c32
#12 writing image sha256:cd9c82951c35950a98818027a4d247ef2805deac35a1feed3093f47754395c32 0.0s done
#12 naming to docker.io/library/sandbox_indexer done
#12 DONE 4.3s

Use 'docker scan' to run Snyk tests against images to find vulnerabilities and learn how to fix them
Image for service indexer was built because it did not already exist. To rebuild this image you must use `docker-compose build` or `docker-compose up --build`.
Creating algorand-sandbox-algod ... 
Creating algorand-sandbox-postgres ... 
Creating algorand-sandbox-postgres ... done
Creating algorand-sandbox-algod    ... done
Creating algorand-sandbox-indexer  ... 
Creating algorand-sandbox-indexer  ... done
